0 info it worked if it ends with ok
1 verbose cli [ 'C:\\Users\\Ross\\AppData\\Local\\.meteor\\packages\\meteor-tool\\1.3.3\\mt-os.windows.x86_32\\dev_bundle\\bin\\\\node.exe',
1 verbose cli   'C:\\Users\\Ross\\AppData\\Local\\.meteor\\packages\\meteor-tool\\1.3.3\\mt-os.windows.x86_32\\dev_bundle\\lib\\node_modules\\npm\\bin\\npm-cli.js',
1 verbose cli   'run',
1 verbose cli   'lint' ]
2 info using npm@2.15.1
3 info using node@v0.10.45
4 verbose run-script [ 'prelint', 'lint', 'postlint' ]
5 info prelint NSM@
6 info lint NSM@
7 verbose unsafe-perm in lifecycle true
8 info NSM@ Failed to exec lint script
9 verbose stack Error: NSM@ lint: `eslint .`
9 verbose stack Exit status 8
9 verbose stack     at EventEmitter.<anonymous> (C:\Users\Ross\AppData\Local\.meteor\packages\meteor-tool\1.3.3\mt-os.windows.x86_32\dev_bundle\lib\node_modules\npm\lib\utils\lifecycle.js:217:16)
9 verbose stack     at EventEmitter.emit (events.js:98:17)
9 verbose stack     at ChildProcess.<anonymous> (C:\Users\Ross\AppData\Local\.meteor\packages\meteor-tool\1.3.3\mt-os.windows.x86_32\dev_bundle\lib\node_modules\npm\lib\utils\spawn.js:24:14)
9 verbose stack     at ChildProcess.emit (events.js:98:17)
9 verbose stack     at maybeClose (child_process.js:766:16)
9 verbose stack     at Process.ChildProcess._handle.onexit (child_process.js:833:5)
10 verbose pkgid NSM@
11 verbose cwd E:\Applications\NSM
12 error Windows_NT 10.0.10586
13 error argv "C:\\Users\\Ross\\AppData\\Local\\.meteor\\packages\\meteor-tool\\1.3.3\\mt-os.windows.x86_32\\dev_bundle\\bin\\\\node.exe" "C:\\Users\\Ross\\AppData\\Local\\.meteor\\packages\\meteor-tool\\1.3.3\\mt-os.windows.x86_32\\dev_bundle\\lib\\node_modules\\npm\\bin\\npm-cli.js" "run" "lint"
14 error node v0.10.45
15 error npm  v2.15.1
16 error code ELIFECYCLE
17 error NSM@ lint: `eslint .`
17 error Exit status 8
18 error Failed at the NSM@ lint script 'eslint .'.
18 error This is most likely a problem with the NSM package,
18 error not with npm itself.
18 error Tell the author that this fails on your system:
18 error     eslint .
18 error You can get information on how to open an issue for this project with:
18 error     npm bugs NSM
18 error Or if that isn't available, you can get their info via:
18 error
18 error     npm owner ls NSM
18 error There is likely additional logging output above.
19 verbose exit [ 1, true ]
